[debug] [2023-07-12T19:54:52.530Z] ----------------------------------------------------------------------
[debug] [2023-07-12T19:54:52.531Z] Command:       /usr/local/bin/node /usr/local/bin/firebase init hosting
[debug] [2023-07-12T19:54:52.531Z] CLI Version:   12.4.0
[debug] [2023-07-12T19:54:52.532Z] Platform:      darwin
[debug] [2023-07-12T19:54:52.532Z] Node Version:  v18.16.0
[debug] [2023-07-12T19:54:52.532Z] Time:          Wed Jul 12 2023 15:54:52 GMT-0400 (Eastern Daylight Time)
[debug] [2023-07-12T19:54:52.532Z] ----------------------------------------------------------------------
[debug] 
[debug] [2023-07-12T19:54:52.535Z] > command requires scopes: ["email","openid","https://www.googleapis.com/auth/cloudplatformprojects.readonly","https://www.googleapis.com/auth/firebase","https://www.googleapis.com/auth/cloud-platform"]
[debug] [2023-07-12T19:54:52.535Z] > authorizing via signed-in user (danielcoding327@gmail.com)
[info] 
     ######## #### ########  ######## ########     ###     ######  ########
     ##        ##  ##     ## ##       ##     ##  ##   ##  ##       ##
     ######    ##  ########  ######   ########  #########  ######  ######
     ##        ##  ##    ##  ##       ##     ## ##     ##       ## ##
     ##       #### ##     ## ######## ########  ##     ##  ######  ########

You're about to initialize a Firebase project in this directory:

  /Users/daniellancheros/c11/next/my-portfolio

[info] 
=== Project Setup
[info] 
[info] First, let's associate this project directory with a Firebase project.
[info] You can create multiple project aliases by running firebase use --add, 
[info] but for now we'll just set up a default project.
[info] 
[info] i  If you want to create a project in a Google Cloud organization or folder, please use "firebase projects:create" instead, and return to this command when you've created the project. 
[debug] [2023-07-12T19:55:06.907Z] >>> [apiv2][query] POST https://cloudresourcemanager.googleapis.com/v1/projects [none]
[debug] [2023-07-12T19:55:06.908Z] >>> [apiv2][body] POST https://cloudresourcemanager.googleapis.com/v1/projects {"projectId":"my-portfolio","name":"my-portfolio"}
[debug] [2023-07-12T19:55:07.475Z] <<< [apiv2][status] POST https://cloudresourcemanager.googleapis.com/v1/projects 409
[debug] [2023-07-12T19:55:07.475Z] <<< [apiv2][body] POST https://cloudresourcemanager.googleapis.com/v1/projects {"error":{"code":409,"message":"Requested entity already exists","status":"ALREADY_EXISTS"}}
[debug] [2023-07-12T19:55:07.728Z] FirebaseError: HTTP Error: 409, Requested entity already exists
    at responseToError (/usr/local/lib/node_modules/firebase-tools/lib/responseToError.js:49:12)
    at RetryOperation._fn (/usr/local/lib/node_modules/firebase-tools/lib/apiv2.js:288:77)
    at process.processTicksAndRejections (node:internal/process/task_queues:95:5)
[error] 
[error] Error: Failed to create project because there is already a project with ID my-portfolio. Please try again with a unique project ID.
